<?xml version="1.0" encoding="UTF-8"?>
<coverage generated="1645180885642" clover="3.2.0">
  <project timestamp="1645180885642" name="All files">
    <metrics statements="78" coveredstatements="31" conditionals="10" coveredconditionals="1" methods="14" coveredmethods="2" elements="102" coveredelements="34" complexity="0" loc="78" ncloc="78" packages="1" files="3" classes="3"/>
    <file name="comment.js" path="C:\Users\TONY\Desktop\JS-Group-capstone\src\comment.js">
      <metrics statements="36" coveredstatements="10" conditionals="6" coveredconditionals="1" methods="6" coveredmethods="1"/>
      <line num="12" count="1" type="stmt"/>
      <line num="13" count="0" type="stmt"/>
      <line num="14" count="0" type="stmt"/>
      <line num="15" count="0" type="stmt"/>
      <line num="16" count="0" type="stmt"/>
      <line num="17" count="0" type="stmt"/>
      <line num="18" count="0" type="stmt"/>
      <line num="19" count="0" type="stmt"/>
      <line num="20" count="0" type="stmt"/>
      <line num="22" count="0" type="stmt"/>
      <line num="23" count="0" type="stmt"/>
      <line num="24" count="0" type="stmt"/>
      <line num="25" count="0" type="cond" truecount="0" falsecount="2"/>
      <line num="26" count="0" type="stmt"/>
      <line num="28" count="0" type="stmt"/>
      <line num="32" count="0" type="stmt"/>
      <line num="57" count="0" type="stmt"/>
      <line num="60" count="1" type="stmt"/>
      <line num="61" count="0" type="stmt"/>
      <line num="74" count="1" type="stmt"/>
      <line num="75" count="0" type="stmt"/>
      <line num="76" count="0" type="stmt"/>
      <line num="78" count="0" type="stmt"/>
      <line num="79" count="0" type="cond" truecount="0" falsecount="2"/>
      <line num="80" count="0" type="stmt"/>
      <line num="81" count="0" type="stmt"/>
      <line num="82" count="0" type="stmt"/>
      <line num="91" count="0" type="stmt"/>
      <line num="94" count="1" type="stmt"/>
      <line num="95" count="1" type="stmt"/>
      <line num="97" count="1" type="stmt"/>
      <line num="98" count="1" type="stmt"/>
      <line num="100" count="1" type="cond" truecount="1" falsecount="1"/>
      <line num="101" count="0" type="stmt"/>
      <line num="103" count="1" type="stmt"/>
      <line num="105" count="1" type="stmt"/>
    </file>
    <file name="displaylike.js" path="C:\Users\TONY\Desktop\JS-Group-capstone\src\displaylike.js">
      <metrics statements="22" coveredstatements="7" conditionals="2" coveredconditionals="0" methods="6" coveredmethods="1"/>
      <line num="3" count="1" type="stmt"/>
      <line num="4" count="0" type="stmt"/>
      <line num="5" count="0" type="stmt"/>
      <line num="6" count="0" type="stmt"/>
      <line num="9" count="1" type="stmt"/>
      <line num="10" count="0" type="stmt"/>
      <line num="16" count="0" type="stmt"/>
      <line num="19" count="1" type="stmt"/>
      <line num="20" count="0" type="stmt"/>
      <line num="21" count="0" type="stmt"/>
      <line num="22" count="0" type="stmt"/>
      <line num="23" count="0" type="cond" truecount="0" falsecount="2"/>
      <line num="24" count="0" type="stmt"/>
      <line num="29" count="1" type="stmt"/>
      <line num="30" count="1" type="stmt"/>
      <line num="31" count="1" type="stmt"/>
      <line num="33" count="1" type="stmt"/>
      <line num="34" count="0" type="stmt"/>
      <line num="35" count="0" type="stmt"/>
      <line num="36" count="0" type="stmt"/>
      <line num="37" count="0" type="stmt"/>
      <line num="38" count="0" type="stmt"/>
    </file>
    <file name="utitls.js" path="C:\Users\TONY\Desktop\JS-Group-capstone\src\utitls.js">
      <metrics statements="20" coveredstatements="14" conditionals="2" coveredconditionals="0" methods="2" coveredmethods="0"/>
      <line num="1" count="2" type="stmt"/>
      <line num="2" count="2" type="stmt"/>
      <line num="3" count="2" type="stmt"/>
      <line num="4" count="2" type="stmt"/>
      <line num="5" count="2" type="stmt"/>
      <line num="6" count="2" type="stmt"/>
      <line num="7" count="2" type="stmt"/>
      <line num="8" count="2" type="stmt"/>
      <line num="9" count="2" type="stmt"/>
      <line num="10" count="2" type="stmt"/>
      <line num="11" count="2" type="stmt"/>
      <line num="12" count="2" type="stmt"/>
      <line num="14" count="2" type="stmt"/>
      <line num="15" count="0" type="stmt"/>
      <line num="16" count="0" type="stmt"/>
      <line num="17" count="0" type="stmt"/>
      <line num="20" count="2" type="stmt"/>
      <line num="21" count="0" type="cond" truecount="0" falsecount="2"/>
      <line num="22" count="0" type="stmt"/>
      <line num="24" count="0" type="stmt"/>
    </file>
  </project>
</coverage>
