{"C:\\Users\\TONY\\Desktop\\JS-Group-capstone\\src\\comment.js": {"path":"C:\\Users\\TONY\\Desktop\\JS-Group-capstone\\src\\comment.js","statementMap":{"0":{"start":{"line":12,"column":33},"end":{"line":58,"column":1}},"1":{"start":{"line":13,"column":19},"end":{"line":13,"column":52}},"2":{"start":{"line":14,"column":20},"end":{"line":14,"column":41}},"3":{"start":{"line":15,"column":20},"end":{"line":15,"column":34}},"4":{"start":{"line":16,"column":21},"end":{"line":16,"column":43}},"5":{"start":{"line":17,"column":24},"end":{"line":17,"column":42}},"6":{"start":{"line":18,"column":24},"end":{"line":18,"column":46}},"7":{"start":{"line":19,"column":22},"end":{"line":19,"column":46}},"8":{"start":{"line":20,"column":23},"end":{"line":20,"column":62}},"9":{"start":{"line":22,"column":20},"end":{"line":22,"column":22}},"10":{"start":{"line":23,"column":21},"end":{"line":23,"column":37}},"11":{"start":{"line":24,"column":2},"end":{"line":30,"column":5}},"12":{"start":{"line":25,"column":4},"end":{"line":29,"column":5}},"13":{"start":{"line":26,"column":6},"end":{"line":26,"column":34}},"14":{"start":{"line":28,"column":6},"end":{"line":28,"column":27}},"15":{"start":{"line":32,"column":23},"end":{"line":56,"column":3}},"16":{"start":{"line":57,"column":2},"end":{"line":57,"column":44}},"17":{"start":{"line":60,"column":28},"end":{"line":72,"column":1}},"18":{"start":{"line":61,"column":2},"end":{"line":71,"column":5}},"19":{"start":{"line":74,"column":27},"end":{"line":92,"column":1}},"20":{"start":{"line":75,"column":19},"end":{"line":75,"column":74}},"21":{"start":{"line":76,"column":23},"end":{"line":76,"column":44}},"22":{"start":{"line":78,"column":20},"end":{"line":78,"column":22}},"23":{"start":{"line":79,"column":2},"end":{"line":90,"column":3}},"24":{"start":{"line":80,"column":4},"end":{"line":80,"column":42}},"25":{"start":{"line":81,"column":4},"end":{"line":89,"column":7}},"26":{"start":{"line":82,"column":6},"end":{"line":88,"column":8}},"27":{"start":{"line":91,"column":2},"end":{"line":91,"column":44}},"28":{"start":{"line":94,"column":29},"end":{"line":106,"column":1}},"29":{"start":{"line":95,"column":19},"end":{"line":95,"column":74}},"30":{"start":{"line":97,"column":24},"end":{"line":97,"column":45}},"31":{"start":{"line":98,"column":27},"end":{"line":98,"column":47}},"32":{"start":{"line":100,"column":2},"end":{"line":104,"column":3}},"33":{"start":{"line":101,"column":4},"end":{"line":101,"column":66}},"34":{"start":{"line":103,"column":4},"end":{"line":103,"column":84}},"35":{"start":{"line":105,"column":2},"end":{"line":105,"column":26}}},"fnMap":{"0":{"name":"(anonymous_0)","decl":{"start":{"line":12,"column":33},"end":{"line":12,"column":34}},"loc":{"start":{"line":12,"column":47},"end":{"line":58,"column":1}},"line":12},"1":{"name":"(anonymous_1)","decl":{"start":{"line":24,"column":21},"end":{"line":24,"column":22}},"loc":{"start":{"line":24,"column":39},"end":{"line":30,"column":3}},"line":24},"2":{"name":"(anonymous_2)","decl":{"start":{"line":60,"column":28},"end":{"line":60,"column":29}},"loc":{"start":{"line":60,"column":42},"end":{"line":72,"column":1}},"line":60},"3":{"name":"(anonymous_3)","decl":{"start":{"line":74,"column":27},"end":{"line":74,"column":28}},"loc":{"start":{"line":74,"column":41},"end":{"line":92,"column":1}},"line":74},"4":{"name":"(anonymous_4)","decl":{"start":{"line":81,"column":25},"end":{"line":81,"column":26}},"loc":{"start":{"line":81,"column":38},"end":{"line":89,"column":5}},"line":81},"5":{"name":"(anonymous_5)","decl":{"start":{"line":94,"column":29},"end":{"line":94,"column":30}},"loc":{"start":{"line":94,"column":43},"end":{"line":106,"column":1}},"line":94}},"branchMap":{"0":{"loc":{"start":{"line":25,"column":4},"end":{"line":29,"column":5}},"type":"if","locations":[{"start":{"line":25,"column":4},"end":{"line":29,"column":5}},{"start":{"line":27,"column":11},"end":{"line":29,"column":5}}],"line":25},"1":{"loc":{"start":{"line":79,"column":2},"end":{"line":90,"column":3}},"type":"if","locations":[{"start":{"line":79,"column":2},"end":{"line":90,"column":3}},{"start":{},"end":{}}],"line":79},"2":{"loc":{"start":{"line":100,"column":2},"end":{"line":104,"column":3}},"type":"if","locations":[{"start":{"line":100,"column":2},"end":{"line":104,"column":3}},{"start":{"line":102,"column":9},"end":{"line":104,"column":3}}],"line":100}},"s":{"0":1,"1":0,"2":0,"3":0,"4":0,"5":0,"6":0,"7":0,"8":0,"9":0,"10":0,"11":0,"12":0,"13":0,"14":0,"15":0,"16":0,"17":1,"18":0,"19":1,"20":0,"21":0,"22":0,"23":0,"24":0,"25":0,"26":0,"27":0,"28":1,"29":1,"30":1,"31":1,"32":1,"33":0,"34":1,"35":1},"f":{"0":0,"1":0,"2":0,"3":0,"4":0,"5":1},"b":{"0":[0,0],"1":[0,0],"2":[0,1]},"_coverageSchema":"1a1c01bbd47fc00a2c39e90264f33305004495a9","hash":"4b32f0b07eb5fdb34b5900de7437d2324128c5ca"}
,"C:\\Users\\TONY\\Desktop\\JS-Group-capstone\\src\\displaylike.js": {"path":"C:\\Users\\TONY\\Desktop\\JS-Group-capstone\\src\\displaylike.js","statementMap":{"0":{"start":{"line":3,"column":24},"end":{"line":7,"column":1}},"1":{"start":{"line":4,"column":19},"end":{"line":4,"column":57}},"2":{"start":{"line":5,"column":15},"end":{"line":5,"column":36}},"3":{"start":{"line":6,"column":2},"end":{"line":6,"column":14}},"4":{"start":{"line":9,"column":25},"end":{"line":17,"column":1}},"5":{"start":{"line":10,"column":19},"end":{"line":15,"column":4}},"6":{"start":{"line":16,"column":2},"end":{"line":16,"column":18}},"7":{"start":{"line":19,"column":27},"end":{"line":27,"column":1}},"8":{"start":{"line":20,"column":19},"end":{"line":20,"column":57}},"9":{"start":{"line":21,"column":21},"end":{"line":21,"column":42}},"10":{"start":{"line":22,"column":2},"end":{"line":26,"column":5}},"11":{"start":{"line":23,"column":4},"end":{"line":25,"column":5}},"12":{"start":{"line":24,"column":6},"end":{"line":24,"column":39}},"13":{"start":{"line":29,"column":15},"end":{"line":29,"column":46}},"14":{"start":{"line":30,"column":19},"end":{"line":30,"column":41}},"15":{"start":{"line":31,"column":2},"end":{"line":31,"column":18}},"16":{"start":{"line":33,"column":31},"end":{"line":39,"column":1}},"17":{"start":{"line":34,"column":15},"end":{"line":34,"column":46}},"18":{"start":{"line":35,"column":19},"end":{"line":35,"column":59}},"19":{"start":{"line":36,"column":19},"end":{"line":36,"column":41}},"20":{"start":{"line":37,"column":2},"end":{"line":37,"column":38}},"21":{"start":{"line":38,"column":2},"end":{"line":38,"column":18}}},"fnMap":{"0":{"name":"(anonymous_0)","decl":{"start":{"line":3,"column":24},"end":{"line":3,"column":25}},"loc":{"start":{"line":3,"column":36},"end":{"line":7,"column":1}},"line":3},"1":{"name":"(anonymous_1)","decl":{"start":{"line":9,"column":25},"end":{"line":9,"column":26}},"loc":{"start":{"line":9,"column":39},"end":{"line":17,"column":1}},"line":9},"2":{"name":"(anonymous_2)","decl":{"start":{"line":19,"column":27},"end":{"line":19,"column":28}},"loc":{"start":{"line":19,"column":50},"end":{"line":27,"column":1}},"line":19},"3":{"name":"(anonymous_3)","decl":{"start":{"line":22,"column":21},"end":{"line":22,"column":22}},"loc":{"start":{"line":22,"column":32},"end":{"line":26,"column":3}},"line":22},"4":{"name":"count","decl":{"start":{"line":28,"column":16},"end":{"line":28,"column":21}},"loc":{"start":{"line":28,"column":24},"end":{"line":32,"column":1}},"line":28},"5":{"name":"(anonymous_5)","decl":{"start":{"line":33,"column":31},"end":{"line":33,"column":32}},"loc":{"start":{"line":33,"column":37},"end":{"line":39,"column":1}},"line":33}},"branchMap":{"0":{"loc":{"start":{"line":23,"column":4},"end":{"line":25,"column":5}},"type":"if","locations":[{"start":{"line":23,"column":4},"end":{"line":25,"column":5}},{"start":{},"end":{}}],"line":23}},"s":{"0":1,"1":0,"2":0,"3":0,"4":1,"5":0,"6":0,"7":1,"8":0,"9":0,"10":0,"11":0,"12":0,"13":1,"14":1,"15":1,"16":1,"17":0,"18":0,"19":0,"20":0,"21":0},"f":{"0":0,"1":0,"2":0,"3":0,"4":1,"5":0},"b":{"0":[0,0]},"_coverageSchema":"1a1c01bbd47fc00a2c39e90264f33305004495a9","hash":"9ea8ac9340f8048d6891400334b5d699c51ed0d4"}
,"C:\\Users\\TONY\\Desktop\\JS-Group-capstone\\src\\utitls.js": {"path":"C:\\Users\\TONY\\Desktop\\JS-Group-capstone\\src\\utitls.js","statementMap":{"0":{"start":{"line":1,"column":23},"end":{"line":1,"column":117}},"1":{"start":{"line":2,"column":18},"end":{"line":2,"column":48}},"2":{"start":{"line":3,"column":22},"end":{"line":3,"column":53}},"3":{"start":{"line":4,"column":25},"end":{"line":4,"column":67}},"4":{"start":{"line":5,"column":26},"end":{"line":5,"column":65}},"5":{"start":{"line":6,"column":22},"end":{"line":6,"column":66}},"6":{"start":{"line":7,"column":25},"end":{"line":7,"column":68}},"7":{"start":{"line":8,"column":24},"end":{"line":8,"column":66}},"8":{"start":{"line":9,"column":23},"end":{"line":9,"column":65}},"9":{"start":{"line":10,"column":22},"end":{"line":10,"column":53}},"10":{"start":{"line":11,"column":23},"end":{"line":11,"column":66}},"11":{"start":{"line":12,"column":24},"end":{"line":12,"column":67}},"12":{"start":{"line":14,"column":20},"end":{"line":18,"column":1}},"13":{"start":{"line":15,"column":19},"end":{"line":15,"column":41}},"14":{"start":{"line":16,"column":20},"end":{"line":16,"column":41}},"15":{"start":{"line":17,"column":2},"end":{"line":17,"column":19}},"16":{"start":{"line":20,"column":24},"end":{"line":25,"column":1}},"17":{"start":{"line":21,"column":2},"end":{"line":23,"column":3}},"18":{"start":{"line":22,"column":4},"end":{"line":22,"column":38}},"19":{"start":{"line":24,"column":2},"end":{"line":24,"column":16}}},"fnMap":{"0":{"name":"(anonymous_0)","decl":{"start":{"line":14,"column":20},"end":{"line":14,"column":21}},"loc":{"start":{"line":14,"column":32},"end":{"line":18,"column":1}},"line":14},"1":{"name":"(anonymous_1)","decl":{"start":{"line":20,"column":24},"end":{"line":20,"column":25}},"loc":{"start":{"line":20,"column":43},"end":{"line":25,"column":1}},"line":20}},"branchMap":{"0":{"loc":{"start":{"line":21,"column":2},"end":{"line":23,"column":3}},"type":"if","locations":[{"start":{"line":21,"column":2},"end":{"line":23,"column":3}},{"start":{},"end":{}}],"line":21}},"s":{"0":2,"1":2,"2":2,"3":2,"4":2,"5":2,"6":2,"7":2,"8":2,"9":2,"10":2,"11":2,"12":2,"13":0,"14":0,"15":0,"16":2,"17":0,"18":0,"19":0},"f":{"0":0,"1":0},"b":{"0":[0,0]},"_coverageSchema":"1a1c01bbd47fc00a2c39e90264f33305004495a9","hash":"6cf5909624e5dd8b863b677bf5d8ae7c695b3b5f"}
}
